  Reading Qt configuration (F:/Qt/5.12.12/msvc2017_64/bin/qmake)
  raymond.cpp
  BRDF.cpp
  GlossySpecular.cpp
  Lambertian.cpp
  PerfectSpecular.cpp
  Camera.cpp
  Pinhole.cpp
  Box.cpp
F:\Spring 22\Plan Project\Raymond\src\GeometricObjects\Box.cpp(221): warning C4715: 'Box::get_normal': not all control paths return a value
  Disk.cpp
  GeometricObject.cpp
  Instance.cpp
  Plane.cpp
  RectangleObject.cpp
F:\Spring 22\Plan Project\Raymond\src\GeometricObjects\RectangleObject.cpp(55): warning C4715: 'RectangleObject::operator=': not all control paths return a value
  Sphere.cpp
  Torus.cpp
  Triangle.cpp
  Ambient.cpp
  AmbientOccluder.cpp
  AreaLight.cpp
  Directional.cpp
  Light.cpp
  PointLight.cpp
  Emissive.cpp
  GlossyReflector.cpp
  Material.cpp
  Matte.cpp
  Phong.cpp
  Reflective.cpp
  Hammersley.cpp
  Jittered.cpp
  MultiJittered.cpp
  NRooks.cpp
  Random.cpp
  Regular.cpp
  Sampler.cpp
  AreaLighting.cpp
  GlobalTrace.cpp
  MultipleObjects.cpp
  PathTrace.cpp
  RayCast.cpp
  SingleSphere.cpp
  Tracer.cpp
  Whitted.cpp
  BBox.cpp
  Maths.cpp
  RGBColor.cpp
  ShadeRec.cpp
  ViewPlane.cpp
  World.cpp
  Raymond.vcxproj -> F:\Spring 22\Plan Project\Raymond\x64\Debug\Raymond.exe
